[debug] [2023-10-12T17:13:15.982Z] ----------------------------------------------------------------------
[debug] [2023-10-12T17:13:15.985Z] Command:       C:\Program Files\nodejs\node.exe C:\Users\FacuRex\AppData\Roaming\npm\node_modules\firebase-tools\lib\bin\firebase.js init
[debug] [2023-10-12T17:13:15.986Z] CLI Version:   12.7.0
[debug] [2023-10-12T17:13:15.986Z] Platform:      win32
[debug] [2023-10-12T17:13:15.986Z] Node Version:  v18.17.1
[debug] [2023-10-12T17:13:15.988Z] Time:          Thu Oct 12 2023 14:13:15 GMT-0300 (hora estándar de Argentina)
[debug] [2023-10-12T17:13:15.988Z] ----------------------------------------------------------------------
[debug] 
[debug] [2023-10-12T17:13:16.001Z] > command requires scopes: ["email","openid","https://www.googleapis.com/auth/cloudplatformprojects.readonly","https://www.googleapis.com/auth/firebase","https://www.googleapis.com/auth/cloud-platform"]
[debug] [2023-10-12T17:13:16.001Z] > authorizing via signed-in user (facundoarrascaetacba@gmail.com)
[info] 
     ######## #### ########  ######## ########     ###     ######  ########
     ##        ##  ##     ## ##       ##     ##  ##   ##  ##       ##
     ######    ##  ########  ######   ########  #########  ######  ######
     ##        ##  ##    ##  ##       ##     ## ##     ##       ## ##
     ##       #### ##     ## ######## ########  ##     ##  ######  ########

You're about to initialize a Firebase project in this directory:

  C:\Users\FacuRex\dwf-m8\pet-finder-v2

[info] 
=== Project Setup
[info] 
[info] First, let's associate this project directory with a Firebase project.
[info] You can create multiple project aliases by running firebase use --add, 
[info] but for now we'll just set up a default project.
[info] 
[debug] [2023-10-12T17:14:59.067Z] >>> [apiv2][query] GET https://firebase.googleapis.com/v1beta1/projects pageSize=100
[debug] [2023-10-12T17:15:00.370Z] <<< [apiv2][status] GET https://firebase.googleapis.com/v1beta1/projects 200
[debug] [2023-10-12T17:15:00.371Z] <<< [apiv2][body] GET https://firebase.googleapis.com/v1beta1/projects [omitted]
[info] i  Using project petfinder2-1f2b8 (PetFinder2) 
[info] 
=== Hosting Setup
[info] 
[info] Your public directory is the folder (relative to your project directory) that
[info] will contain Hosting assets to be uploaded with firebase deploy. If you
[info] have a build process for your assets, use your build's output directory.
[info] 
[debug] [2023-10-12T17:18:10.540Z] >>> [apiv2][query] GET https://www.gstatic.com/firebasejs/releases.json [none]
[debug] [2023-10-12T17:18:10.610Z] <<< [apiv2][status] GET https://www.gstatic.com/firebasejs/releases.json 200
[debug] [2023-10-12T17:18:10.611Z] <<< [apiv2][body] GET https://www.gstatic.com/firebasejs/releases.json {"current":{"version":"10.4.0","browserURL":"https://www.gstatic.com/firebasejs/10.4.0/firebase.js","packageURL":"https://www.gstatic.com/firebasejs/10.4.0/firebase.tgz"},"live":{"version":"10.4","browserURL":"https://www.gstatic.com/firebasejs/live/10.4/firebase.js","packageURL":"https://www.gstatic.com/firebasejs/live/10.4/firebase.tgz"},"components":{"analytics":"https://www.gstatic.com/firebasejs/10.4.0/firebase-analytics.js","app":"https://www.gstatic.com/firebasejs/10.4.0/firebase-app.js","app-check":"https://www.gstatic.com/firebasejs/10.4.0/firebase-app-check.js","auth":"https://www.gstatic.com/firebasejs/10.4.0/firebase-auth.js","auth/cordova":"https://www.gstatic.com/firebasejs/10.4.0/firebase-auth/cordova.js","functions":"https://www.gstatic.com/firebasejs/10.4.0/firebase-functions.js","firestore":"https://www.gstatic.com/firebasejs/10.4.0/firebase-firestore.js","firestore/lite":"https://www.gstatic.com/firebasejs/10.4.0/firebase-firestore/lite.js","installations":"https://www.gstatic.com/firebasejs/10.4.0/firebase-installations.js","storage":"https://www.gstatic.com/firebasejs/10.4.0/firebase-storage.js","performance":"https://www.gstatic.com/firebasejs/10.4.0/firebase-performance.js","remote-config":"https://www.gstatic.com/firebasejs/10.4.0/firebase-remote-config.js","messaging":"https://www.gstatic.com/firebasejs/10.4.0/firebase-messaging.js","messaging/sw":"https://www.gstatic.com/firebasejs/10.4.0/firebase-messaging/sw.js","database":"https://www.gstatic.com/firebasejs/10.4.0/firebase-database.js","firestore.memory":"https://www.gstatic.com/firebasejs/10.4.0/firebase-firestore.memory.js"}}
[info] i  Skipping write of ./index.html 
[info] 
[info] i  Didn't detect a .git folder. Assuming C:\Users\FacuRex\dwf-m8\pet-finder-v2 is the project root. 
[info] i  Authorizing with GitHub to upload your service account to a GitHub repository's secrets store. 
[info] 
[info] Visit this URL on this device to log in:
[info] https://github.com/login/oauth/authorize?client_id=89cf50f02ac6aaed3484&state=701018606&redirect_uri=http%3A%2F%2Flocalhost%3A9005&scope=read%3Auser%20repo%20public_repo
[info] 
[info] Waiting for authentication...
[debug] [2023-10-12T17:18:33.659Z] >>> [apiv2][query] POST https://github.com/login/oauth/access_token [none]
[debug] [2023-10-12T17:18:33.659Z] >>> [apiv2][body] POST https://github.com/login/oauth/access_token [stream]
[debug] [2023-10-12T17:18:34.010Z] <<< [apiv2][status] POST https://github.com/login/oauth/access_token 200
[debug] [2023-10-12T17:18:34.010Z] <<< [apiv2][body] POST https://github.com/login/oauth/access_token {"access_token":"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","token_type":"bearer","scope":"read:user,repo"}
[debug] [2023-10-12T17:18:34.020Z] >>> [apiv2][query] GET https://api.github.com/user [none]
[debug] [2023-10-12T17:18:34.406Z] <<< [apiv2][status] GET https://api.github.com/user 200
[debug] [2023-10-12T17:18:34.406Z] <<< [apiv2][body] GET https://api.github.com/user {"login":"FacuArras","id":84642670,"node_id":"MDQ6VXNlcjg0NjQyNjcw","avatar_url":"https://avatars.githubusercontent.com/u/84642670?v=4","gravatar_id":"","url":"https://api.github.com/users/FacuArras","html_url":"https://github.com/FacuArras","followers_url":"https://api.github.com/users/FacuArras/followers","following_url":"https://api.github.com/users/FacuArras/following{/other_user}","gists_url":"https://api.github.com/users/FacuArras/gists{/gist_id}","starred_url":"https://api.github.com/users/FacuArras/starred{/owner}{/repo}","subscriptions_url":"https://api.github.com/users/FacuArras/subscriptions","organizations_url":"https://api.github.com/users/FacuArras/orgs","repos_url":"https://api.github.com/users/FacuArras/repos","events_url":"https://api.github.com/users/FacuArras/events{/privacy}","received_events_url":"https://api.github.com/users/FacuArras/received_events","type":"User","site_admin":false,"name":"Facundo Arrascaeta","company":null,"blog":"","location":null,"email":null,"hireable":null,"bio":"FullStack Web Developer","twitter_username":null,"public_repos":26,"public_gists":0,"followers":0,"following":0,"created_at":"2021-05-22T19:51:29Z","updated_at":"2023-08-24T21:07:54Z","private_gists":1,"total_private_repos":1,"owned_private_repos":1,"disk_usage":39668,"collaborators":0,"two_factor_authentication":false,"plan":{"name":"free","space":976562499,"collaborators":0,"private_repos":10000}}
[info] 
[info] +  Success! Logged into GitHub as FacuArras 
[info] 
